<?xml version="1.0" encoding="UTF-8"?>
<!-- Generated by org.testng.reporters.JUnitReportReporter -->
<testsuite skipped="1" hostname="Anjal_PC" name="MyConfig.TestRunnerTestNG" tests="1" failures="0" timestamp="2022-02-21T15:11:49 EST" time="0.000" errors="0">
  <testcase name="scenario" time="0.000" classname="MyConfig.TestRunnerTestNG">
    <skipped/>
  </testcase> <!-- scenario -->
  <system-out/>
</testsuite> <!-- MyConfig.TestRunnerTestNG -->
